  main.cpp
D:\c++(vs2022)\TinyRenderer\TinyRenderer\tgaimage.h(58,54): warning C4244: “=”: 从“float”转换到“unsigned char”，可能丢失数据
D:\c++(vs2022)\TinyRenderer\TinyRenderer\main.cpp(29,15): warning C4244: “初始化”: 从“double”转换到“int”，可能丢失数据
D:\c++(vs2022)\TinyRenderer\TinyRenderer\main.cpp(54,56): warning C4244: “参数”: 从“int”转换到“T”，可能丢失数据
          with
          [
              T=float
          ]
D:\c++(vs2022)\TinyRenderer\TinyRenderer\main.cpp(54,34): warning C4244: “参数”: 从“int”转换到“T”，可能丢失数据
          with
          [
              T=float
          ]
D:\c++(vs2022)\TinyRenderer\TinyRenderer\main.cpp(70,33): warning C4244: “参数”: 从“T”转换到“int”，可能丢失数据
          with
          [
              T=float
          ]
D:\c++(vs2022)\TinyRenderer\TinyRenderer\main.cpp(70,28): warning C4244: “参数”: 从“T”转换到“int”，可能丢失数据
          with
          [
              T=float
          ]
D:\c++(vs2022)\TinyRenderer\TinyRenderer\main.cpp(77,48): warning C4244: “参数”: 从“int”转换到“T”，可能丢失数据
          with
          [
              T=float
          ]
D:\c++(vs2022)\TinyRenderer\TinyRenderer\main.cpp(77,21): warning C4244: “参数”: 从“int”转换到“T”，可能丢失数据
          with
          [
              T=float
          ]
  model.cpp
  tgaimage.cpp
D:\c++(vs2022)\TinyRenderer\TinyRenderer\tgaimage.h(58,54): warning C4244: “=”: 从“float”转换到“unsigned char”，可能丢失数据
  正在生成代码...
  TinyRenderer.vcxproj -> D:\c++(vs2022)\TinyRenderer\x64\Debug\TinyRenderer.exe
